2023-04-23T06:44:51: PM2 log: ===============================================================================
2023-04-23T06:44:51: PM2 log: --- New PM2 Daemon started ----------------------------------------------------
2023-04-23T06:44:51: PM2 log: Time                 : Sun Apr 23 2023 06:44:51 GMT+0000 (Coordinated Universal Time)
2023-04-23T06:44:51: PM2 log: PM2 version          : 5.3.0
2023-04-23T06:44:51: PM2 log: Node.js version      : 14.21.3
2023-04-23T06:44:51: PM2 log: Current arch         : x64
2023-04-23T06:44:51: PM2 log: PM2 home             : /home/ubuntu/.pm2
2023-04-23T06:44:51: PM2 log: PM2 PID file         : /home/ubuntu/.pm2/pm2.pid
2023-04-23T06:44:51: PM2 log: RPC socket file      : /home/ubuntu/.pm2/rpc.sock
2023-04-23T06:44:51: PM2 log: BUS socket file      : /home/ubuntu/.pm2/pub.sock
2023-04-23T06:44:51: PM2 log: Application log path : /home/ubuntu/.pm2/logs
2023-04-23T06:44:51: PM2 log: Worker Interval      : 30000
2023-04-23T06:44:51: PM2 log: Process dump file    : /home/ubuntu/.pm2/dump.pm2
2023-04-23T06:44:51: PM2 log: Concurrent actions   : 2
2023-04-23T06:44:51: PM2 log: SIGTERM timeout      : 1600
2023-04-23T06:44:51: PM2 log: ===============================================================================
2023-04-23T06:44:51: PM2 log: App [server:0] starting in -fork mode-
2023-04-23T06:44:52: PM2 log: App [server:0] online
2023-04-23T06:45:28: PM2 log: Stopping app:server id:0
2023-04-23T06:45:28: PM2 log: App [server:0] exited with code [0] via signal [SIGINT]
2023-04-23T06:45:28: PM2 log: pid=22896 msg=process killed
2023-04-23T06:46:30: PM2 log: App [yelp-app:0] starting in -fork mode-
2023-04-23T06:46:30: PM2 log: App [yelp-app:0] online
2023-04-23T06:49:10: PM2 log: pm2 has been killed by signal, dumping process list before exit...
2023-04-23T06:49:10: PM2 log: Deleting process 0
2023-04-23T06:49:10: PM2 log: Stopping app:yelp-app id:0
2023-04-23T06:49:10: PM2 log: App [yelp-app:0] exited with code [0] via signal [SIGHUP]
2023-04-23T06:49:10: PM2 log: pid=22944 msg=process killed
2023-04-23T06:49:10: PM2 log: Exited peacefully
2023-04-23T06:50:11: PM2 log: ===============================================================================
2023-04-23T06:50:11: PM2 log: --- New PM2 Daemon started ----------------------------------------------------
2023-04-23T06:50:11: PM2 log: Time                 : Sun Apr 23 2023 06:50:11 GMT+0000 (Coordinated Universal Time)
2023-04-23T06:50:11: PM2 log: PM2 version          : 5.3.0
2023-04-23T06:50:11: PM2 log: Node.js version      : 14.21.3
2023-04-23T06:50:11: PM2 log: Current arch         : x64
2023-04-23T06:50:11: PM2 log: PM2 home             : /home/ubuntu/.pm2
2023-04-23T06:50:11: PM2 log: PM2 PID file         : /home/ubuntu/.pm2/pm2.pid
2023-04-23T06:50:11: PM2 log: RPC socket file      : /home/ubuntu/.pm2/rpc.sock
2023-04-23T06:50:11: PM2 log: BUS socket file      : /home/ubuntu/.pm2/pub.sock
2023-04-23T06:50:11: PM2 log: Application log path : /home/ubuntu/.pm2/logs
2023-04-23T06:50:11: PM2 log: Worker Interval      : 30000
2023-04-23T06:50:11: PM2 log: Process dump file    : /home/ubuntu/.pm2/dump.pm2
2023-04-23T06:50:11: PM2 log: Concurrent actions   : 2
2023-04-23T06:50:11: PM2 log: SIGTERM timeout      : 1600
2023-04-23T06:50:11: PM2 log: ===============================================================================
2023-04-23T06:50:11: PM2 log: App [yelp-app:0] starting in -fork mode-
2023-04-23T06:50:11: PM2 log: App [yelp-app:0] online
2023-04-23T08:22:30: PM2 log: Stopping app:yelp-app id:0
2023-04-23T08:22:30: PM2 log: App [yelp-app:0] exited with code [0] via signal [SIGINT]
2023-04-23T08:22:30: PM2 log: pid=691 msg=process killed
2023-04-23T08:22:30: PM2 log: App [yelp-app:0] starting in -fork mode-
2023-04-23T08:22:30: PM2 log: App [yelp-app:0] online
2023-04-23T09:43:37: PM2 log: Stopping app:yelp-app id:0
2023-04-23T09:43:37: PM2 log: App [yelp-app:0] exited with code [0] via signal [SIGINT]
2023-04-23T09:43:37: PM2 log: pid=3279 msg=process killed
2023-04-23T09:43:37: PM2 log: App [yelp-app:0] starting in -fork mode-
2023-04-23T09:43:37: PM2 log: App [yelp-app:0] online
2023-04-23T09:43:59: PM2 log: Stopping app:yelp-app id:0
2023-04-23T09:43:59: PM2 log: App [yelp-app:0] exited with code [0] via signal [SIGINT]
2023-04-23T09:43:59: PM2 log: pid=3913 msg=process killed
2023-04-23T09:43:59: PM2 log: App [yelp-app:0] starting in -fork mode-
2023-04-23T09:43:59: PM2 log: App [yelp-app:0] online
2023-04-23T09:44:18: PM2 log: Stopping app:yelp-app id:0
2023-04-23T09:44:18: PM2 log: App [yelp-app:0] exited with code [0] via signal [SIGINT]
2023-04-23T09:44:18: PM2 log: pid=3934 msg=process killed
2023-04-23T09:45:49: PM2 log: App [yelp-app:0] starting in -fork mode-
2023-04-23T09:45:49: PM2 log: App [yelp-app:0] online
2023-04-24T13:14:16: PM2 log: Stopping app:yelp-app id:0
2023-04-24T13:14:16: PM2 log: App [yelp-app:0] exited with code [0] via signal [SIGINT]
2023-04-24T13:14:16: PM2 log: pid=3977 msg=process killed
2023-04-24T13:14:16: PM2 log: App [yelp-app:0] starting in -fork mode-
2023-04-24T13:14:16: PM2 log: App [yelp-app:0] online
