0 info it worked if it ends with ok
1 verbose cli [ '/usr/bin/node', '/usr/bin/npm', 'install', 'pm2', '-g' ]
2 info using npm@6.14.18
3 info using node@v14.21.3
4 verbose npm-session 59f384c20d01b8b8
5 silly install loadCurrentTree
6 silly install readGlobalPackageData
7 http fetch GET 200 https://registry.npmjs.org/pm2 96ms
8 http fetch GET 200 https://registry.npmjs.org/pm2/-/pm2-5.3.0.tgz 70ms
9 silly pacote tag manifest for pm2@latest fetched in 188ms
10 timing stage:loadCurrentTree Completed in 205ms
11 silly install loadIdealTree
12 silly install cloneCurrentTreeToIdealTree
13 timing stage:loadIdealTree:cloneCurrentTree Completed in 0ms
14 silly install loadShrinkwrap
15 timing stage:loadIdealTree:loadShrinkwrap Completed in 1ms
16 silly install loadAllDepsIntoIdealTree
17 silly resolveWithNewModule pm2@5.3.0 checking installable status
18 http fetch GET 200 https://registry.npmjs.org/@pm2%2fagent 165ms
19 http fetch GET 200 https://registry.npmjs.org/chalk 145ms
20 http fetch GET 200 https://registry.npmjs.org/cli-tableau 143ms
21 http fetch GET 200 https://registry.npmjs.org/commander 140ms
22 http fetch GET 200 https://registry.npmjs.org/@pm2%2fpm2-version-check 166ms
23 http fetch GET 200 https://registry.npmjs.org/@pm2%2fio 178ms
24 http fetch GET 200 https://registry.npmjs.org/chokidar 169ms
25 http fetch GET 200 https://registry.npmjs.org/async 174ms
26 http fetch GET 200 https://registry.npmjs.org/@pm2%2fjs-api 194ms
27 http fetch GET 200 https://registry.npmjs.org/chokidar/-/chokidar-3.5.3.tgz 161ms (from cache)
28 http fetch GET 200 https://registry.npmjs.org/blessed 347ms
29 http fetch GET 200 https://registry.npmjs.org/commander/-/commander-2.15.1.tgz 190ms
30 http fetch GET 200 https://registry.npmjs.org/cli-tableau/-/cli-tableau-2.0.1.tgz 199ms
31 http fetch GET 200 https://registry.npmjs.org/async/-/async-3.2.4.tgz 174ms
32 http fetch GET 200 https://registry.npmjs.org/@pm2/pm2-version-check/-/pm2-version-check-1.0.4.tgz 193ms
33 http fetch GET 200 https://registry.npmjs.org/@pm2/agent/-/agent-2.0.1.tgz 207ms
34 http fetch GET 200 https://registry.npmjs.org/@pm2/js-api/-/js-api-0.6.7.tgz 176ms
35 http fetch GET 200 https://registry.npmjs.org/chalk/-/chalk-3.0.0.tgz 205ms
36 http fetch GET 200 https://registry.npmjs.org/@pm2/io/-/io-5.0.0.tgz 182ms
37 silly pacote range manifest for chokidar@^3.5.3 fetched in 362ms
38 silly resolveWithNewModule chokidar@3.5.3 checking installable status
39 silly pacote range manifest for cli-tableau@^2.0.0 fetched in 387ms
40 silly resolveWithNewModule cli-tableau@2.0.1 checking installable status
41 silly pacote range manifest for async@~3.2.0 fetched in 391ms
42 silly resolveWithNewModule async@3.2.4 checking installable status
43 silly pacote version manifest for commander@2.15.1 fetched in 383ms
44 silly resolveWithNewModule commander@2.15.1 checking installable status
45 silly pacote tag manifest for @pm2/pm2-version-check@latest fetched in 419ms
46 silly resolveWithNewModule @pm2/pm2-version-check@1.0.4 checking installable status
47 silly pacote range manifest for @pm2/agent@~2.0.0 fetched in 424ms
48 silly resolveWithNewModule @pm2/agent@2.0.1 checking installable status
49 silly pacote range manifest for @pm2/js-api@~0.6.7 fetched in 422ms
50 silly resolveWithNewModule @pm2/js-api@0.6.7 checking installable status
51 silly pacote version manifest for chalk@3.0.0 fetched in 403ms
52 silly resolveWithNewModule chalk@3.0.0 checking installable status
53 silly pacote range manifest for @pm2/io@~5.0.0 fetched in 427ms
54 silly resolveWithNewModule @pm2/io@5.0.0 checking installable status
55 http fetch GET 200 https://registry.npmjs.org/croner 47ms
56 http fetch GET 200 https://registry.npmjs.org/blessed/-/blessed-0.1.81.tgz 67ms
57 silly pacote version manifest for blessed@0.1.81 fetched in 448ms
58 silly resolveWithNewModule blessed@0.1.81 checking installable status
59 http fetch GET 200 https://registry.npmjs.org/dayjs 59ms
60 http fetch GET 200 https://registry.npmjs.org/mkdirp 65ms
61 http fetch GET 200 https://registry.npmjs.org/enquirer 74ms
62 http fetch GET 200 https://registry.npmjs.org/pidusage 67ms
63 http fetch GET 200 https://registry.npmjs.org/eventemitter2 72ms
64 http fetch GET 200 https://registry.npmjs.org/needle 71ms
65 http fetch GET 200 https://registry.npmjs.org/debug 85ms
66 http fetch GET 200 https://registry.npmjs.org/croner/-/croner-4.1.97.tgz 64ms
67 silly pacote range manifest for croner@~4.1.92 fetched in 186ms
68 silly resolveWithNewModule croner@4.1.97 checking installable status
69 http fetch GET 200 https://registry.npmjs.org/pidusage/-/pidusage-3.0.2.tgz 77ms
70 http fetch GET 200 https://registry.npmjs.org/dayjs/-/dayjs-1.11.7.tgz 88ms
71 http fetch GET 200 https://registry.npmjs.org/debug/-/debug-4.3.4.tgz 76ms
72 http fetch GET 200 https://registry.npmjs.org/needle/-/needle-2.4.0.tgz 77ms
73 http fetch GET 200 https://registry.npmjs.org/mkdirp/-/mkdirp-1.0.4.tgz 89ms
74 http fetch GET 200 https://registry.npmjs.org/enquirer/-/enquirer-2.3.6.tgz 87ms
75 http fetch GET 200 https://registry.npmjs.org/eventemitter2/-/eventemitter2-5.0.1.tgz 84ms
76 silly pacote range manifest for pidusage@~3.0 fetched in 200ms
77 silly resolveWithNewModule pidusage@3.0.2 checking installable status
78 silly pacote version manifest for needle@2.4.0 fetched in 207ms
79 silly resolveWithNewModule needle@2.4.0 checking installable status
80 silly pacote range manifest for dayjs@~1.11.5 fetched in 224ms
81 silly resolveWithNewModule dayjs@1.11.7 checking installable status
82 silly pacote range manifest for debug@^4.3.1 fetched in 226ms
83 silly resolveWithNewModule debug@4.3.4 checking installable status
84 silly pacote version manifest for enquirer@2.3.6 fetched in 223ms
85 silly resolveWithNewModule enquirer@2.3.6 checking installable status
86 silly pacote version manifest for mkdirp@1.0.4 fetched in 230ms
87 silly resolveWithNewModule mkdirp@1.0.4 checking installable status
88 silly pacote version manifest for eventemitter2@5.0.1 fetched in 231ms
89 silly resolveWithNewModule eventemitter2@5.0.1 checking installable status
90 http fetch GET 200 https://registry.npmjs.org/pm2-axon-rpc 81ms
91 http fetch GET 200 https://registry.npmjs.org/semver 39ms
92 http fetch GET 200 https://registry.npmjs.org/pm2-multimeter 47ms
93 http fetch GET 200 https://registry.npmjs.org/pm2-deploy 48ms
94 http fetch GET 200 https://registry.npmjs.org/source-map-support 42ms
95 http fetch GET 200 https://registry.npmjs.org/promptly 50ms
96 http fetch GET 200 https://registry.npmjs.org/sprintf-js 46ms
97 http fetch GET 200 https://registry.npmjs.org/pm2-axon-rpc/-/pm2-axon-rpc-0.7.1.tgz 35ms
98 http fetch GET 200 https://registry.npmjs.org/vizion 45ms
99 silly pacote range manifest for pm2-axon-rpc@~0.7.1 fetched in 168ms
100 silly resolveWithNewModule pm2-axon-rpc@0.7.1 checking installable status
101 http fetch GET 200 https://registry.npmjs.org/semver/-/semver-7.5.0.tgz 58ms
102 http fetch GET 200 https://registry.npmjs.org/promptly/-/promptly-2.2.0.tgz 53ms
103 http fetch GET 200 https://registry.npmjs.org/sprintf-js/-/sprintf-js-1.1.2.tgz 46ms
104 http fetch GET 200 https://registry.npmjs.org/pm2-deploy/-/pm2-deploy-1.0.2.tgz 60ms
105 http fetch GET 200 https://registry.npmjs.org/source-map-support/-/source-map-support-0.5.21.tgz 59ms
106 http fetch GET 200 https://registry.npmjs.org/pm2-multimeter/-/pm2-multimeter-0.1.2.tgz 61ms
107 http fetch GET 200 https://registry.npmjs.org/vizion/-/vizion-2.2.1.tgz 46ms
108 silly pacote range manifest for semver@^7.2 fetched in 118ms
109 silly resolveWithNewModule semver@7.5.0 checking installable status
110 silly pacote range manifest for promptly@^2 fetched in 127ms
111 silly resolveWithNewModule promptly@2.2.0 checking installable status
112 silly pacote version manifest for sprintf-js@1.1.2 fetched in 110ms
113 silly resolveWithNewModule sprintf-js@1.1.2 checking installable status
114 silly pacote range manifest for pm2-deploy@~1.0.2 fetched in 134ms
115 silly resolveWithNewModule pm2-deploy@1.0.2 checking installable status
116 silly pacote version manifest for source-map-support@0.5.21 fetched in 128ms
117 silly resolveWithNewModule source-map-support@0.5.21 checking installable status
118 silly pacote range manifest for pm2-multimeter@^0.1.2 fetched in 135ms
119 silly resolveWithNewModule pm2-multimeter@0.1.2 checking installable status
120 silly pacote range manifest for vizion@~2.2.1 fetched in 112ms
121 silly resolveWithNewModule vizion@2.2.1 checking installable status
122 http fetch GET 200 https://registry.npmjs.org/yamljs 30ms
123 http fetch GET 200 https://registry.npmjs.org/fclone 352ms
124 http fetch GET 200 https://registry.npmjs.org/yamljs/-/yamljs-0.3.0.tgz 29ms
125 silly pacote version manifest for yamljs@0.3.0 fetched in 63ms
126 silly resolveWithNewModule yamljs@0.3.0 checking installable status
127 http fetch GET 200 https://registry.npmjs.org/fclone/-/fclone-1.0.11.tgz 33ms
128 silly pacote version manifest for fclone@1.0.11 fetched in 390ms
129 silly resolveWithNewModule fclone@1.0.11 checking installable status
130 http fetch GET 200 https://registry.npmjs.org/pm2-axon 364ms
131 http fetch GET 200 https://registry.npmjs.org/pm2-axon/-/pm2-axon-4.0.1.tgz 19ms
132 silly pacote range manifest for pm2-axon@~4.0.1 fetched in 387ms
133 silly resolveWithNewModule pm2-axon@4.0.1 checking installable status
134 http fetch GET 200 https://registry.npmjs.org/pm2-sysmonit 111ms
135 http fetch GET 200 https://registry.npmjs.org/pm2-sysmonit/-/pm2-sysmonit-1.2.8.tgz 22ms
136 silly pacote range manifest for pm2-sysmonit@^1.2.8 fetched in 136ms
137 silly resolveWithNewModule pm2-sysmonit@1.2.8 checking installable status
138 http fetch GET 200 https://registry.npmjs.org/nssocket 82ms
139 http fetch GET 200 https://registry.npmjs.org/proxy-agent 84ms
140 http fetch GET 200 https://registry.npmjs.org/fast-json-patch 86ms
141 http fetch GET 200 https://registry.npmjs.org/ws 86ms
142 http fetch GET 200 https://registry.npmjs.org/dayjs/-/dayjs-1.8.36.tgz 83ms
143 http fetch GET 200 https://registry.npmjs.org/semver/-/semver-7.2.3.tgz 98ms
144 silly pacote range manifest for dayjs@~1.8.24 fetched in 136ms
145 silly resolveWithNewModule dayjs@1.8.36 checking installable status
146 http fetch GET 200 https://registry.npmjs.org/nssocket/-/nssocket-0.6.0.tgz 53ms
147 silly pacote range manifest for semver@~7.2.0 fetched in 137ms
148 silly resolveWithNewModule semver@7.2.3 checking installable status
149 silly pacote version manifest for nssocket@0.6.0 fetched in 143ms
150 silly resolveWithNewModule nssocket@0.6.0 checking installable status
151 http fetch GET 200 https://registry.npmjs.org/proxy-agent/-/proxy-agent-5.0.0.tgz 42ms
152 silly pacote range manifest for proxy-agent@~5.0.0 fetched in 144ms
153 silly resolveWithNewModule proxy-agent@5.0.0 checking installable status
154 http fetch GET 200 https://registry.npmjs.org/fast-json-patch/-/fast-json-patch-3.1.1.tgz 50ms
155 http fetch GET 200 https://registry.npmjs.org/ws/-/ws-7.4.6.tgz 54ms
156 silly pacote range manifest for fast-json-patch@^3.0.0-1 fetched in 164ms
157 silly resolveWithNewModule fast-json-patch@3.1.1 checking installable status
158 silly pacote range manifest for ws@~7.4.0 fetched in 164ms
159 silly resolveWithNewModule ws@7.4.6 checking installable status
160 http fetch GET 200 https://registry.npmjs.org/ansi-styles 36ms
161 http fetch GET 200 https://registry.npmjs.org/supports-color 36ms
162 http fetch GET 200 https://registry.npmjs.org/supports-color/-/supports-color-7.2.0.tgz 25ms
163 http fetch GET 200 https://registry.npmjs.org/ansi-styles/-/ansi-styles-4.3.0.tgz 27ms
164 silly pacote range manifest for supports-color@^7.1.0 fetched in 67ms
165 silly resolveWithNewModule supports-color@7.2.0 checking installable status
166 silly pacote range manifest for ansi-styles@^4.1.0 fetched in 70ms
167 silly resolveWithNewModule ansi-styles@4.3.0 checking installable status
168 http fetch GET 200 https://registry.npmjs.org/color-convert 18ms
169 http fetch GET 200 https://registry.npmjs.org/color-convert/-/color-convert-2.0.1.tgz 22ms
170 silly pacote range manifest for color-convert@^2.0.1 fetched in 43ms
171 silly resolveWithNewModule color-convert@2.0.1 checking installable status
172 http fetch GET 200 https://registry.npmjs.org/color-name 19ms
173 http fetch GET 200 https://registry.npmjs.org/color-name/-/color-name-1.1.4.tgz 26ms
174 silly pacote range manifest for color-name@~1.1.4 fetched in 47ms
175 silly resolveWithNewModule color-name@1.1.4 checking installable status
176 http fetch GET 200 https://registry.npmjs.org/has-flag 24ms
177 http fetch GET 200 https://registry.npmjs.org/has-flag/-/has-flag-4.0.0.tgz 17ms
178 silly pacote range manifest for has-flag@^4.0.0 fetched in 46ms
179 silly resolveWithNewModule has-flag@4.0.0 checking installable status
180 http fetch GET 200 https://registry.npmjs.org/ms 17ms
181 http fetch GET 200 https://registry.npmjs.org/ms/-/ms-2.1.2.tgz 19ms
182 silly pacote version manifest for ms@2.1.2 fetched in 39ms
183 silly resolveWithNewModule ms@2.1.2 checking installable status
184 http fetch GET 200 https://registry.npmjs.org/lazy 23ms
185 http fetch GET 200 https://registry.npmjs.org/eventemitter2/-/eventemitter2-0.4.14.tgz 26ms
186 silly pacote range manifest for eventemitter2@~0.4.14 fetched in 31ms
187 silly resolveWithNewModule eventemitter2@0.4.14 checking installable status
188 http fetch GET 200 https://registry.npmjs.org/lazy/-/lazy-1.0.11.tgz 24ms
189 silly pacote range manifest for lazy@~1.0.11 fetched in 50ms
190 silly resolveWithNewModule lazy@1.0.11 checking installable status
191 http fetch GET 200 https://registry.npmjs.org/escape-string-regexp 23ms
192 http fetch GET 200 https://registry.npmjs.org/amp 25ms
193 http fetch GET 200 https://registry.npmjs.org/amp-message 27ms
194 http fetch GET 200 https://registry.npmjs.org/amp/-/amp-0.3.1.tgz 34ms
195 http fetch GET 200 https://registry.npmjs.org/escape-string-regexp/-/escape-string-regexp-4.0.0.tgz 36ms
196 http fetch GET 200 https://registry.npmjs.org/amp-message/-/amp-message-0.1.2.tgz 35ms
197 silly pacote range manifest for amp@~0.3.1 fetched in 65ms
198 silly resolveWithNewModule amp@0.3.1 checking installable status
199 silly pacote range manifest for escape-string-regexp@^4.0.0 fetched in 65ms
200 silly resolveWithNewModule escape-string-regexp@4.0.0 checking installable status
201 silly pacote range manifest for amp-message@~0.1.1 fetched in 66ms
202 silly resolveWithNewModule amp-message@0.1.2 checking installable status
203 http fetch GET 200 https://registry.npmjs.org/proxy-from-env 30ms
204 http fetch GET 200 https://registry.npmjs.org/pac-proxy-agent 32ms
205 http fetch GET 200 https://registry.npmjs.org/https-proxy-agent 35ms
206 http fetch GET 200 https://registry.npmjs.org/agent-base 38ms
207 http fetch GET 200 https://registry.npmjs.org/socks-proxy-agent 43ms
208 http fetch GET 200 https://registry.npmjs.org/http-proxy-agent 47ms
209 http fetch GET 200 https://registry.npmjs.org/lru-cache 98ms
210 http fetch GET 200 https://registry.npmjs.org/agent-base/-/agent-base-6.0.2.tgz 75ms
211 http fetch GET 200 https://registry.npmjs.org/https-proxy-agent/-/https-proxy-agent-5.0.1.tgz 77ms
212 http fetch GET 200 https://registry.npmjs.org/proxy-from-env/-/proxy-from-env-1.1.0.tgz 86ms
213 http fetch GET 200 https://registry.npmjs.org/pac-proxy-agent/-/pac-proxy-agent-5.0.0.tgz 90ms
214 http fetch GET 200 https://registry.npmjs.org/socks-proxy-agent/-/socks-proxy-agent-5.0.1.tgz 67ms
215 http fetch GET 200 https://registry.npmjs.org/http-proxy-agent/-/http-proxy-agent-4.0.1.tgz 44ms
216 silly pacote range manifest for agent-base@^6.0.0 fetched in 138ms
217 silly resolveWithNewModule agent-base@6.0.2 checking installable status
218 silly pacote range manifest for https-proxy-agent@^5.0.0 fetched in 138ms
219 silly resolveWithNewModule https-proxy-agent@5.0.1 checking installable status
220 silly pacote range manifest for proxy-from-env@^1.0.0 fetched in 137ms
221 silly resolveWithNewModule proxy-from-env@1.1.0 checking installable status
222 silly pacote range manifest for pac-proxy-agent@^5.0.0 fetched in 138ms
223 silly resolveWithNewModule pac-proxy-agent@5.0.0 checking installable status
224 http fetch GET 200 https://registry.npmjs.org/lru-cache/-/lru-cache-5.1.1.tgz 30ms
225 silly pacote range manifest for socks-proxy-agent@^5.0.0 fetched in 140ms
226 silly resolveWithNewModule socks-proxy-agent@5.0.1 checking installable status
227 silly pacote range manifest for http-proxy-agent@^4.0.0 fetched in 143ms
228 silly resolveWithNewModule http-proxy-agent@4.0.1 checking installable status
229 silly pacote range manifest for lru-cache@^5.1.1 fetched in 144ms
230 silly resolveWithNewModule lru-cache@5.1.1 checking installable status
231 http fetch GET 200 https://registry.npmjs.org/@tootallnate%2fonce 38ms
232 http fetch GET 200 https://registry.npmjs.org/@tootallnate/once/-/once-1.1.2.tgz 36ms
233 silly pacote range manifest for @tootallnate/once@1 fetched in 77ms
234 silly resolveWithNewModule @tootallnate/once@1.1.2 checking installable status
235 http fetch GET 200 https://registry.npmjs.org/yallist 28ms
236 http fetch GET 200 https://registry.npmjs.org/yallist/-/yallist-3.1.1.tgz 21ms
237 silly pacote range manifest for yallist@^3.0.2 fetched in 52ms
238 silly resolveWithNewModule yallist@3.1.1 checking installable status
239 http fetch GET 200 https://registry.npmjs.org/pac-resolver 23ms
240 http fetch GET 200 https://registry.npmjs.org/raw-body 24ms
241 http fetch GET 200 https://registry.npmjs.org/get-uri 28ms
242 http fetch GET 200 https://registry.npmjs.org/raw-body/-/raw-body-2.5.2.tgz 39ms
243 http fetch GET 200 https://registry.npmjs.org/pac-resolver/-/pac-resolver-5.0.1.tgz 42ms
244 http fetch GET 200 https://registry.npmjs.org/get-uri/-/get-uri-3.0.2.tgz 40ms
245 silly pacote range manifest for raw-body@^2.2.0 fetched in 70ms
246 silly resolveWithNewModule raw-body@2.5.2 checking installable status
247 silly pacote range manifest for pac-resolver@^5.0.0 fetched in 72ms
248 silly resolveWithNewModule pac-resolver@5.0.1 checking installable status
249 silly pacote range manifest for get-uri@3 fetched in 75ms
250 silly resolveWithNewModule get-uri@3.0.2 checking installable status
251 http fetch GET 200 https://registry.npmjs.org/data-uri-to-buffer 46ms
252 http fetch GET 200 https://registry.npmjs.org/fs-extra 42ms
253 http fetch GET 200 https://registry.npmjs.org/ftp 46ms
254 http fetch GET 200 https://registry.npmjs.org/file-uri-to-path 53ms
255 http fetch GET 200 https://registry.npmjs.org/data-uri-to-buffer/-/data-uri-to-buffer-3.0.1.tgz 22ms
256 silly pacote range manifest for data-uri-to-buffer@3 fetched in 71ms
257 silly resolveWithNewModule data-uri-to-buffer@3.0.1 checking installable status
258 http fetch GET 200 https://registry.npmjs.org/file-uri-to-path/-/file-uri-to-path-2.0.0.tgz 28ms
259 http fetch GET 200 https://registry.npmjs.org/fs-extra/-/fs-extra-8.1.0.tgz 32ms
260 http fetch GET 200 https://registry.npmjs.org/ftp/-/ftp-0.3.10.tgz 30ms
261 silly pacote range manifest for file-uri-to-path@2 fetched in 87ms
262 silly resolveWithNewModule file-uri-to-path@2.0.0 checking installable status
263 silly pacote range manifest for fs-extra@^8.1.0 fetched in 81ms
264 silly resolveWithNewModule fs-extra@8.1.0 checking installable status
265 silly pacote range manifest for ftp@^0.3.10 fetched in 81ms
266 silly resolveWithNewModule ftp@0.3.10 checking installable status
267 http fetch GET 200 https://registry.npmjs.org/universalify 22ms
268 http fetch GET 200 https://registry.npmjs.org/jsonfile 26ms
269 http fetch GET 200 https://registry.npmjs.org/graceful-fs 30ms
270 http fetch GET 200 https://registry.npmjs.org/graceful-fs/-/graceful-fs-4.2.11.tgz 34ms
271 http fetch GET 200 https://registry.npmjs.org/universalify/-/universalify-0.1.2.tgz 42ms
272 http fetch GET 200 https://registry.npmjs.org/jsonfile/-/jsonfile-4.0.0.tgz 38ms
273 silly pacote range manifest for graceful-fs@^4.2.0 fetched in 69ms
274 silly resolveWithNewModule graceful-fs@4.2.11 checking installable status
275 silly pacote range manifest for universalify@^0.1.0 fetched in 69ms
276 silly resolveWithNewModule universalify@0.1.2 checking installable status
277 silly pacote range manifest for jsonfile@^4.0.0 fetched in 70ms
278 silly resolveWithNewModule jsonfile@4.0.0 checking installable status
279 http fetch GET 200 https://registry.npmjs.org/readable-stream 24ms
280 http fetch GET 200 https://registry.npmjs.org/xregexp 30ms
281 http fetch GET 200 https://registry.npmjs.org/readable-stream/-/readable-stream-1.1.14.tgz 34ms
282 http fetch GET 200 https://registry.npmjs.org/xregexp/-/xregexp-2.0.0.tgz 33ms
283 silly pacote version manifest for xregexp@2.0.0 fetched in 66ms
284 silly resolveWithNewModule xregexp@2.0.0 checking installable status
285 silly pacote range manifest for readable-stream@1.1.x fetched in 66ms
286 silly resolveWithNewModule readable-stream@1.1.14 checking installable status
287 http fetch GET 200 https://registry.npmjs.org/core-util-is 27ms
288 http fetch GET 200 https://registry.npmjs.org/isarray 30ms
289 http fetch GET 200 https://registry.npmjs.org/inherits 33ms
290 http fetch GET 200 https://registry.npmjs.org/string_decoder 33ms
291 http fetch GET 200 https://registry.npmjs.org/inherits/-/inherits-2.0.4.tgz 4ms (from cache)
292 silly pacote range manifest for inherits@~2.0.1 fetched in 41ms
293 silly resolveWithNewModule inherits@2.0.4 checking installable status
294 http fetch GET 200 https://registry.npmjs.org/string_decoder/-/string_decoder-0.10.31.tgz 20ms
295 http fetch GET 200 https://registry.npmjs.org/core-util-is/-/core-util-is-1.0.3.tgz 29ms
296 silly pacote range manifest for string_decoder@~0.10.x fetched in 59ms
297 silly resolveWithNewModule string_decoder@0.10.31 checking installable status
298 silly pacote range manifest for core-util-is@~1.0.0 fetched in 60ms
299 silly resolveWithNewModule core-util-is@1.0.3 checking installable status
300 http fetch GET 200 https://registry.npmjs.org/isarray/-/isarray-0.0.1.tgz 30ms
301 silly pacote version manifest for isarray@0.0.1 fetched in 66ms
302 silly resolveWithNewModule isarray@0.0.1 checking installable status
303 http fetch GET 200 https://registry.npmjs.org/degenerator 35ms
304 http fetch GET 200 https://registry.npmjs.org/ip 36ms
305 http fetch GET 200 https://registry.npmjs.org/netmask 38ms
306 http fetch GET 200 https://registry.npmjs.org/ip/-/ip-1.1.8.tgz 23ms
307 http fetch GET 200 https://registry.npmjs.org/degenerator/-/degenerator-3.0.3.tgz 27ms
308 http fetch GET 200 https://registry.npmjs.org/netmask/-/netmask-2.0.2.tgz 25ms
309 silly pacote range manifest for ip@^1.1.5 fetched in 66ms
310 silly resolveWithNewModule ip@1.1.8 checking installable status
311 silly pacote range manifest for degenerator@^3.0.2 fetched in 68ms
312 silly resolveWithNewModule degenerator@3.0.3 checking installable status
313 silly pacote range manifest for netmask@^2.0.2 fetched in 67ms
314 silly resolveWithNewModule netmask@2.0.2 checking installable status
315 http fetch GET 200 https://registry.npmjs.org/vm2 28ms
316 http fetch GET 200 https://registry.npmjs.org/ast-types 32ms
317 http fetch GET 200 https://registry.npmjs.org/esprima 31ms
318 http fetch GET 200 https://registry.npmjs.org/escodegen 45ms
319 http fetch GET 200 https://registry.npmjs.org/ast-types/-/ast-types-0.13.4.tgz 82ms
320 http fetch GET 200 https://registry.npmjs.org/esprima/-/esprima-4.0.1.tgz 83ms
321 http fetch GET 200 https://registry.npmjs.org/vm2/-/vm2-3.9.17.tgz 85ms
322 http fetch GET 200 https://registry.npmjs.org/escodegen/-/escodegen-1.14.3.tgz 84ms
323 silly pacote range manifest for ast-types@^0.13.2 fetched in 137ms
324 silly resolveWithNewModule ast-types@0.13.4 checking installable status
325 silly pacote range manifest for esprima@^4.0.0 fetched in 136ms
326 silly resolveWithNewModule esprima@4.0.1 checking installable status
327 silly pacote range manifest for vm2@^3.9.11 fetched in 136ms
328 silly resolveWithNewModule vm2@3.9.17 checking installable status
329 silly pacote range manifest for escodegen@^1.8.1 fetched in 139ms
330 silly resolveWithNewModule escodegen@1.14.3 checking installable status
331 http fetch GET 200 https://registry.npmjs.org/tslib 18ms
332 http fetch GET 200 https://registry.npmjs.org/tslib/-/tslib-2.5.0.tgz 19ms
333 silly pacote range manifest for tslib@^2.0.1 fetched in 40ms
334 silly resolveWithNewModule tslib@2.5.0 checking installable status
335 http fetch GET 200 https://registry.npmjs.org/source-map 26ms
336 http fetch GET 200 https://registry.npmjs.org/esutils 27ms
337 http fetch GET 200 https://registry.npmjs.org/estraverse 30ms
338 http fetch GET 200 https://registry.npmjs.org/optionator 31ms
339 http fetch GET 200 https://registry.npmjs.org/esutils/-/esutils-2.0.3.tgz 34ms
340 http fetch GET 200 https://registry.npmjs.org/estraverse/-/estraverse-4.3.0.tgz 35ms
341 http fetch GET 200 https://registry.npmjs.org/optionator/-/optionator-0.8.3.tgz 34ms
342 http fetch GET 200 https://registry.npmjs.org/source-map/-/source-map-0.6.1.tgz 43ms
343 silly pacote range manifest for esutils@^2.0.2 fetched in 73ms
344 silly resolveWithNewModule esutils@2.0.3 checking installable status
345 silly pacote range manifest for estraverse@^4.2.0 fetched in 77ms
346 silly resolveWithNewModule estraverse@4.3.0 checking installable status
347 silly pacote range manifest for optionator@^0.8.1 fetched in 77ms
348 silly resolveWithNewModule optionator@0.8.3 checking installable status
349 silly pacote range manifest for source-map@~0.6.1 fetched in 77ms
350 silly resolveWithNewModule source-map@0.6.1 checking installable status
351 http fetch GET 200 https://registry.npmjs.org/deep-is 31ms
352 http fetch GET 200 https://registry.npmjs.org/prelude-ls 32ms
353 http fetch GET 200 https://registry.npmjs.org/type-check 32ms
354 http fetch GET 200 https://registry.npmjs.org/levn 32ms
355 http fetch GET 200 https://registry.npmjs.org/word-wrap 34ms
356 http fetch GET 200 https://registry.npmjs.org/fast-levenshtein 40ms
357 http fetch GET 200 https://registry.npmjs.org/deep-is/-/deep-is-0.1.4.tgz 48ms
358 http fetch GET 200 https://registry.npmjs.org/fast-levenshtein/-/fast-levenshtein-2.0.6.tgz 41ms
359 http fetch GET 200 https://registry.npmjs.org/word-wrap/-/word-wrap-1.2.3.tgz 45ms
360 http fetch GET 200 https://registry.npmjs.org/type-check/-/type-check-0.3.2.tgz 49ms
361 http fetch GET 200 https://registry.npmjs.org/levn/-/levn-0.3.0.tgz 51ms
362 http fetch GET 200 https://registry.npmjs.org/prelude-ls/-/prelude-ls-1.1.2.tgz 53ms
363 silly pacote range manifest for deep-is@~0.1.3 fetched in 93ms
364 silly resolveWithNewModule deep-is@0.1.4 checking installable status
365 silly pacote range manifest for fast-levenshtein@~2.0.6 fetched in 93ms
366 silly resolveWithNewModule fast-levenshtein@2.0.6 checking installable status
367 silly pacote range manifest for word-wrap@~1.2.3 fetched in 94ms
368 silly resolveWithNewModule word-wrap@1.2.3 checking installable status
369 silly pacote range manifest for type-check@~0.3.2 fetched in 95ms
370 silly resolveWithNewModule type-check@0.3.2 checking installable status
371 silly pacote range manifest for levn@~0.3.0 fetched in 95ms
372 silly resolveWithNewModule levn@0.3.0 checking installable status
373 silly pacote range manifest for prelude-ls@~1.1.2 fetched in 97ms
374 silly resolveWithNewModule prelude-ls@1.1.2 checking installable status
375 http fetch GET 200 https://registry.npmjs.org/acorn-walk 18ms
376 http fetch GET 200 https://registry.npmjs.org/acorn 25ms
377 http fetch GET 200 https://registry.npmjs.org/acorn-walk/-/acorn-walk-8.2.0.tgz 31ms
378 http fetch GET 200 https://registry.npmjs.org/acorn/-/acorn-8.8.2.tgz 27ms
379 silly pacote range manifest for acorn-walk@^8.2.0 fetched in 54ms
380 silly resolveWithNewModule acorn-walk@8.2.0 checking installable status
381 silly pacote range manifest for acorn@^8.7.0 fetched in 56ms
382 silly resolveWithNewModule acorn@8.8.2 checking installable status
383 http fetch GET 200 https://registry.npmjs.org/unpipe 27ms
384 http fetch GET 200 https://registry.npmjs.org/http-errors 28ms
385 http fetch GET 200 https://registry.npmjs.org/iconv-lite 29ms
386 http fetch GET 200 https://registry.npmjs.org/bytes 31ms
387 http fetch GET 200 https://registry.npmjs.org/unpipe/-/unpipe-1.0.0.tgz 9ms (from cache)
388 http fetch GET 200 https://registry.npmjs.org/http-errors/-/http-errors-2.0.0.tgz 8ms (from cache)
389 http fetch GET 200 https://registry.npmjs.org/iconv-lite/-/iconv-lite-0.4.24.tgz 11ms (from cache)
390 http fetch GET 200 https://registry.npmjs.org/bytes/-/bytes-3.1.2.tgz 12ms (from cache)
391 silly pacote version manifest for unpipe@1.0.0 fetched in 48ms
392 silly resolveWithNewModule unpipe@1.0.0 checking installable status
393 silly pacote version manifest for http-errors@2.0.0 fetched in 49ms
394 silly resolveWithNewModule http-errors@2.0.0 checking installable status
395 silly pacote version manifest for iconv-lite@0.4.24 fetched in 50ms
396 silly resolveWithNewModule iconv-lite@0.4.24 checking installable status
397 silly pacote version manifest for bytes@3.1.2 fetched in 51ms
398 silly resolveWithNewModule bytes@3.1.2 checking installable status
399 http fetch GET 200 https://registry.npmjs.org/depd 28ms
400 http fetch GET 200 https://registry.npmjs.org/toidentifier 29ms
401 http fetch GET 200 https://registry.npmjs.org/setprototypeof 33ms
402 http fetch GET 200 https://registry.npmjs.org/statuses 34ms
403 http fetch GET 200 https://registry.npmjs.org/depd/-/depd-2.0.0.tgz 11ms (from cache)
404 http fetch GET 200 https://registry.npmjs.org/toidentifier/-/toidentifier-1.0.1.tgz 9ms (from cache)
405 http fetch GET 200 https://registry.npmjs.org/setprototypeof/-/setprototypeof-1.2.0.tgz 9ms (from cache)
406 http fetch GET 200 https://registry.npmjs.org/statuses/-/statuses-2.0.1.tgz 8ms (from cache)
407 silly pacote version manifest for depd@2.0.0 fetched in 49ms
408 silly resolveWithNewModule depd@2.0.0 checking installable status
409 silly pacote version manifest for toidentifier@1.0.1 fetched in 49ms
410 silly resolveWithNewModule toidentifier@1.0.1 checking installable status
411 silly pacote version manifest for setprototypeof@1.2.0 fetched in 51ms
412 silly resolveWithNewModule setprototypeof@1.2.0 checking installable status
413 silly pacote version manifest for statuses@2.0.1 fetched in 50ms
414 silly resolveWithNewModule statuses@2.0.1 checking installable status
415 http fetch GET 200 https://registry.npmjs.org/safer-buffer 18ms
416 http fetch GET 200 https://registry.npmjs.org/safer-buffer/-/safer-buffer-2.1.2.tgz 3ms (from cache)
417 silly pacote range manifest for safer-buffer@>= 2.1.2 < 3 fetched in 23ms
418 silly resolveWithNewModule safer-buffer@2.1.2 checking installable status
419 http fetch GET 200 https://registry.npmjs.org/socks 21ms
420 http fetch GET 200 https://registry.npmjs.org/socks/-/socks-2.7.1.tgz 23ms
421 silly pacote range manifest for socks@^2.3.3 fetched in 47ms
422 silly resolveWithNewModule socks@2.7.1 checking installable status
423 http fetch GET 200 https://registry.npmjs.org/smart-buffer 21ms
424 http fetch GET 200 https://registry.npmjs.org/ip/-/ip-2.0.0.tgz 23ms
425 silly pacote range manifest for ip@^2.0.0 fetched in 26ms
426 silly resolveWithNewModule ip@2.0.0 checking installable status
427 http fetch GET 200 https://registry.npmjs.org/smart-buffer/-/smart-buffer-4.2.0.tgz 21ms
428 silly pacote range manifest for smart-buffer@^4.2.0 fetched in 52ms
429 silly resolveWithNewModule smart-buffer@4.2.0 checking installable status
430 http fetch GET 200 https://registry.npmjs.org/require-in-the-middle 63ms
431 http fetch GET 200 https://registry.npmjs.org/signal-exit 63ms
432 http fetch GET 200 https://registry.npmjs.org/shimmer 65ms
433 http fetch GET 200 https://registry.npmjs.org/semver/-/semver-6.3.0.tgz 58ms
434 http fetch GET 200 https://registry.npmjs.org/tslib/-/tslib-1.9.3.tgz 63ms
435 http fetch GET 200 https://registry.npmjs.org/@opencensus%2fcore 73ms
436 http fetch GET 200 https://registry.npmjs.org/async/-/async-2.6.4.tgz 66ms
437 http fetch GET 200 https://registry.npmjs.org/@opencensus%2fpropagation-b3 73ms
438 http fetch GET 200 https://registry.npmjs.org/eventemitter2/-/eventemitter2-6.4.9.tgz 70ms
439 silly pacote version manifest for semver@6.3.0 fetched in 80ms
440 silly resolveWithNewModule semver@6.3.0 checking installable status
441 silly pacote version manifest for tslib@1.9.3 fetched in 80ms
442 silly resolveWithNewModule tslib@1.9.3 checking installable status
443 silly pacote range manifest for async@~2.6.1 fetched in 81ms
444 silly resolveWithNewModule async@2.6.4 checking installable status
445 silly pacote range manifest for eventemitter2@^6.3.1 fetched in 82ms
446 silly resolveWithNewModule eventemitter2@6.4.9 checking installable status
447 http fetch GET 200 https://registry.npmjs.org/require-in-the-middle/-/require-in-the-middle-5.2.0.tgz 91ms
448 http fetch GET 200 https://registry.npmjs.org/shimmer/-/shimmer-1.2.1.tgz 90ms
449 http fetch GET 200 https://registry.npmjs.org/signal-exit/-/signal-exit-3.0.7.tgz 92ms
450 http fetch GET 200 https://registry.npmjs.org/@opencensus/core/-/core-0.0.9.tgz 88ms
451 http fetch GET 200 https://registry.npmjs.org/@opencensus/propagation-b3/-/propagation-b3-0.0.8.tgz 86ms
452 silly pacote range manifest for require-in-the-middle@^5.0.0 fetched in 166ms
453 silly resolveWithNewModule require-in-the-middle@5.2.0 checking installable status
454 silly pacote range manifest for shimmer@^1.2.0 fetched in 167ms
455 silly resolveWithNewModule shimmer@1.2.1 checking installable status
456 silly pacote range manifest for signal-exit@^3.0.3 fetched in 167ms
457 silly resolveWithNewModule signal-exit@3.0.7 checking installable status
458 silly pacote version manifest for @opencensus/core@0.0.9 fetched in 169ms
459 silly resolveWithNewModule @opencensus/core@0.0.9 checking installable status
460 silly pacote version manifest for @opencensus/propagation-b3@0.0.8 fetched in 169ms
461 silly resolveWithNewModule @opencensus/propagation-b3@0.0.8 checking installable status
462 http fetch GET 200 https://registry.npmjs.org/semver/-/semver-5.7.1.tgz 4ms (from cache)
463 silly pacote range manifest for semver@^5.5.0 fetched in 13ms
464 silly resolveWithNewModule semver@5.7.1 checking installable status
465 http fetch GET 200 https://registry.npmjs.org/uuid 31ms
466 http fetch GET 200 https://registry.npmjs.org/continuation-local-storage 34ms
467 http fetch GET 200 https://registry.npmjs.org/log-driver 39ms
468 http fetch GET 200 https://registry.npmjs.org/uuid/-/uuid-3.4.0.tgz 24ms
469 http fetch GET 200 https://registry.npmjs.org/log-driver/-/log-driver-1.2.7.tgz 20ms
470 http fetch GET 200 https://registry.npmjs.org/continuation-local-storage/-/continuation-local-storage-3.2.1.tgz 24ms
471 silly pacote range manifest for uuid@^3.2.1 fetched in 62ms
472 warn deprecated uuid@3.4.0: Please upgrade  to version 7 or higher.  Older versions may use Math.random() in certain circumstances, which is known to be problematic.  See https://v8.dev/blog/math-random for details.
473 silly resolveWithNewModule uuid@3.4.0 checking installable status
474 silly pacote range manifest for log-driver@^1.2.7 fetched in 65ms
475 silly resolveWithNewModule log-driver@1.2.7 checking installable status
476 silly pacote range manifest for continuation-local-storage@^3.2.1 fetched in 66ms
477 silly resolveWithNewModule continuation-local-storage@3.2.1 checking installable status
478 http fetch GET 200 https://registry.npmjs.org/async-listener 18ms
479 http fetch GET 200 https://registry.npmjs.org/emitter-listener 22ms
480 http fetch GET 200 https://registry.npmjs.org/async-listener/-/async-listener-0.6.10.tgz 20ms
481 silly pacote range manifest for async-listener@^0.6.0 fetched in 44ms
482 silly resolveWithNewModule async-listener@0.6.10 checking installable status
483 http fetch GET 200 https://registry.npmjs.org/emitter-listener/-/emitter-listener-1.1.2.tgz 21ms
484 silly pacote range manifest for emitter-listener@^1.1.1 fetched in 46ms
485 silly resolveWithNewModule emitter-listener@1.1.2 checking installable status
486 silly pacote range manifest for semver@^5.3.0 fetched in 1ms
487 silly resolveWithNewModule semver@5.7.1 checking installable status
488 http fetch GET 200 https://registry.npmjs.org/@opencensus/core/-/core-0.0.8.tgz 48ms
489 silly pacote range manifest for @opencensus/core@^0.0.8 fetched in 50ms
490 silly resolveWithNewModule @opencensus/core@0.0.8 checking installable status
491 silly pacote range manifest for semver@^5.5.0 fetched in 2ms
492 silly resolveWithNewModule semver@5.7.1 checking installable status
493 http fetch GET 200 https://registry.npmjs.org/lodash 18ms
494 http fetch GET 200 https://registry.npmjs.org/lodash/-/lodash-4.17.21.tgz 98ms
495 silly pacote range manifest for lodash@^4.17.14 fetched in 119ms
496 silly resolveWithNewModule lodash@4.17.21 checking installable status
497 http fetch GET 200 https://registry.npmjs.org/resolve 20ms
498 http fetch GET 200 https://registry.npmjs.org/module-details-from-path 24ms
499 http fetch GET 200 https://registry.npmjs.org/module-details-from-path/-/module-details-from-path-1.0.3.tgz 28ms
500 http fetch GET 200 https://registry.npmjs.org/resolve/-/resolve-1.22.2.tgz 32ms
501 silly pacote range manifest for module-details-from-path@^1.0.3 fetched in 56ms
502 silly resolveWithNewModule module-details-from-path@1.0.3 checking installable status
503 silly pacote range manifest for resolve@^1.22.1 fetched in 56ms
504 silly resolveWithNewModule resolve@1.22.2 checking installable status
505 http fetch GET 200 https://registry.npmjs.org/path-parse 19ms
506 http fetch GET 200 https://registry.npmjs.org/supports-preserve-symlinks-flag 20ms
507 http fetch GET 200 https://registry.npmjs.org/is-core-module 26ms
508 http fetch GET 200 https://registry.npmjs.org/supports-preserve-symlinks-flag/-/supports-preserve-symlinks-flag-1.0.0.tgz 17ms
509 silly pacote range manifest for supports-preserve-symlinks-flag@^1.0.0 fetched in 42ms
510 silly resolveWithNewModule supports-preserve-symlinks-flag@1.0.0 checking installable status
511 http fetch GET 200 https://registry.npmjs.org/path-parse/-/path-parse-1.0.7.tgz 23ms
512 silly pacote range manifest for path-parse@^1.0.7 fetched in 45ms
513 silly resolveWithNewModule path-parse@1.0.7 checking installable status
514 http fetch GET 200 https://registry.npmjs.org/is-core-module/-/is-core-module-2.12.0.tgz 30ms
515 silly pacote range manifest for is-core-module@^2.11.0 fetched in 59ms
516 silly resolveWithNewModule is-core-module@2.12.0 checking installable status
517 http fetch GET 200 https://registry.npmjs.org/has 19ms
518 http fetch GET 200 https://registry.npmjs.org/has/-/has-1.0.3.tgz 3ms (from cache)
519 silly pacote range manifest for has@^1.0.3 fetched in 24ms
520 silly resolveWithNewModule has@1.0.3 checking installable status
521 http fetch GET 200 https://registry.npmjs.org/function-bind 19ms
522 http fetch GET 200 https://registry.npmjs.org/function-bind/-/function-bind-1.1.1.tgz 3ms (from cache)
523 silly pacote range manifest for function-bind@^1.1.1 fetched in 23ms
524 silly resolveWithNewModule function-bind@1.1.1 checking installable status
525 silly pacote range manifest for async@^2.6.3 fetched in 8ms
526 silly resolveWithNewModule async@2.6.4 checking installable status
527 silly pacote range manifest for eventemitter2@^6.3.1 fetched in 9ms
528 silly resolveWithNewModule eventemitter2@6.4.9 checking installable status
529 http fetch GET 200 https://registry.npmjs.org/axios 34ms
530 http fetch GET 200 https://registry.npmjs.org/axios/-/axios-0.21.4.tgz 25ms
531 silly pacote range manifest for axios@^0.21.0 fetched in 64ms
532 silly resolveWithNewModule axios@0.21.4 checking installable status
533 http fetch GET 200 https://registry.npmjs.org/follow-redirects 27ms
534 http fetch GET 200 https://registry.npmjs.org/follow-redirects/-/follow-redirects-1.15.2.tgz 22ms
535 silly pacote range manifest for follow-redirects@^1.14.0 fetched in 51ms
536 silly resolveWithNewModule follow-redirects@1.15.2 checking installable status
537 http fetch GET 200 https://registry.npmjs.org/readdirp 34ms
538 http fetch GET 200 https://registry.npmjs.org/is-glob 36ms
539 http fetch GET 200 https://registry.npmjs.org/fsevents 36ms
540 http fetch GET 200 https://registry.npmjs.org/anymatch 43ms
541 http fetch GET 200 https://registry.npmjs.org/is-binary-path 42ms
542 http fetch GET 200 https://registry.npmjs.org/braces 45ms
543 http fetch GET 200 https://registry.npmjs.org/glob-parent 46ms
544 http fetch GET 200 https://registry.npmjs.org/normalize-path 47ms
545 http fetch GET 200 https://registry.npmjs.org/readdirp/-/readdirp-3.6.0.tgz 17ms (from cache)
546 http fetch GET 200 https://registry.npmjs.org/is-glob/-/is-glob-4.0.3.tgz 17ms (from cache)
547 http fetch GET 200 https://registry.npmjs.org/fsevents/-/fsevents-2.3.2.tgz 19ms (from cache)
548 http fetch GET 200 https://registry.npmjs.org/anymatch/-/anymatch-3.1.3.tgz 17ms (from cache)
549 http fetch GET 200 https://registry.npmjs.org/is-binary-path/-/is-binary-path-2.1.0.tgz 18ms (from cache)
550 http fetch GET 200 https://registry.npmjs.org/braces/-/braces-3.0.2.tgz 17ms (from cache)
551 http fetch GET 200 https://registry.npmjs.org/glob-parent/-/glob-parent-5.1.2.tgz 18ms (from cache)
552 http fetch GET 200 https://registry.npmjs.org/normalize-path/-/normalize-path-3.0.0.tgz 17ms (from cache)
553 silly pacote range manifest for readdirp@~3.6.0 fetched in 71ms
554 silly resolveWithNewModule readdirp@3.6.0 checking installable status
555 silly pacote range manifest for is-glob@~4.0.1 fetched in 73ms
556 silly resolveWithNewModule is-glob@4.0.3 checking installable status
557 silly pacote range manifest for fsevents@~2.3.2 fetched in 72ms
558 silly resolveWithNewModule fsevents@2.3.2 checking installable status
559 silly pacote range manifest for anymatch@~3.1.2 fetched in 76ms
560 silly resolveWithNewModule anymatch@3.1.3 checking installable status
561 silly pacote range manifest for is-binary-path@~2.1.0 fetched in 75ms
562 silly resolveWithNewModule is-binary-path@2.1.0 checking installable status
563 silly pacote range manifest for normalize-path@~3.0.0 fetched in 76ms
564 silly resolveWithNewModule normalize-path@3.0.0 checking installable status
565 silly pacote range manifest for braces@~3.0.2 fetched in 78ms
566 silly resolveWithNewModule braces@3.0.2 checking installable status
567 silly pacote range manifest for glob-parent@~5.1.2 fetched in 78ms
568 silly resolveWithNewModule glob-parent@5.1.2 checking installable status
569 http fetch GET 200 https://registry.npmjs.org/picomatch 20ms
570 http fetch GET 200 https://registry.npmjs.org/picomatch/-/picomatch-2.3.1.tgz 5ms (from cache)
571 silly pacote range manifest for picomatch@^2.0.4 fetched in 29ms
572 silly resolveWithNewModule picomatch@2.3.1 checking installable status
573 http fetch GET 200 https://registry.npmjs.org/fill-range 16ms
574 http fetch GET 200 https://registry.npmjs.org/fill-range/-/fill-range-7.0.1.tgz 21ms (from cache)
575 silly pacote range manifest for fill-range@^7.0.1 fetched in 72ms
576 silly resolveWithNewModule fill-range@7.0.1 checking installable status
577 http fetch GET 200 https://registry.npmjs.org/to-regex-range 19ms
578 http fetch GET 200 https://registry.npmjs.org/to-regex-range/-/to-regex-range-5.0.1.tgz 2ms (from cache)
579 silly pacote range manifest for to-regex-range@^5.0.1 fetched in 23ms
580 silly resolveWithNewModule to-regex-range@5.0.1 checking installable status
581 http fetch GET 200 https://registry.npmjs.org/is-number 19ms
582 http fetch GET 200 https://registry.npmjs.org/is-number/-/is-number-7.0.0.tgz 2ms (from cache)
583 silly pacote range manifest for is-number@^7.0.0 fetched in 24ms
584 silly resolveWithNewModule is-number@7.0.0 checking installable status
585 http fetch GET 200 https://registry.npmjs.org/is-extglob 19ms
586 http fetch GET 200 https://registry.npmjs.org/is-extglob/-/is-extglob-2.1.1.tgz 2ms (from cache)
587 silly pacote range manifest for is-extglob@^2.1.1 fetched in 24ms
588 silly resolveWithNewModule is-extglob@2.1.1 checking installable status
589 http fetch GET 200 https://registry.npmjs.org/binary-extensions 21ms
590 http fetch GET 200 https://registry.npmjs.org/binary-extensions/-/binary-extensions-2.2.0.tgz 2ms (from cache)
591 silly pacote range manifest for binary-extensions@^2.0.0 fetched in 26ms
592 silly resolveWithNewModule binary-extensions@2.2.0 checking installable status
593 http fetch GET 200 https://registry.npmjs.org/ansi-colors 20ms
594 http fetch GET 200 https://registry.npmjs.org/ansi-colors/-/ansi-colors-4.1.3.tgz 24ms
595 silly pacote range manifest for ansi-colors@^4.1.1 fetched in 48ms
596 silly resolveWithNewModule ansi-colors@4.1.3 checking installable status
597 http fetch GET 200 https://registry.npmjs.org/debug/-/debug-3.2.7.tgz 2ms (from cache)
598 silly pacote range manifest for debug@^3.2.6 fetched in 6ms
599 silly resolveWithNewModule debug@3.2.7 checking installable status
600 http fetch GET 200 https://registry.npmjs.org/sax 30ms
601 http fetch GET 200 https://registry.npmjs.org/sax/-/sax-1.2.4.tgz 19ms
602 silly pacote range manifest for sax@^1.2.4 fetched in 51ms
603 silly resolveWithNewModule sax@1.2.4 checking installable status
604 http fetch GET 200 https://registry.npmjs.org/safe-buffer 22ms
605 http fetch GET 200 https://registry.npmjs.org/safe-buffer/-/safe-buffer-5.2.1.tgz 2ms (from cache)
606 silly pacote range manifest for safe-buffer@^5.2.1 fetched in 29ms
607 silly resolveWithNewModule safe-buffer@5.2.1 checking installable status
608 http fetch GET 200 https://registry.npmjs.org/run-series 23ms
609 http fetch GET 200 https://registry.npmjs.org/tv4 23ms
610 http fetch GET 200 https://registry.npmjs.org/run-series/-/run-series-1.1.9.tgz 25ms
611 http fetch GET 200 https://registry.npmjs.org/tv4/-/tv4-1.3.0.tgz 24ms
612 silly pacote range manifest for run-series@^1.1.8 fetched in 52ms
613 silly resolveWithNewModule run-series@1.1.9 checking installable status
614 silly pacote range manifest for tv4@^1.3.0 fetched in 52ms
615 silly resolveWithNewModule tv4@1.3.0 checking installable status
616 http fetch GET 200 https://registry.npmjs.org/charm 24ms
617 http fetch GET 200 https://registry.npmjs.org/charm/-/charm-0.1.2.tgz 19ms
618 silly pacote range manifest for charm@~0.1.1 fetched in 46ms
619 silly resolveWithNewModule charm@0.1.2 checking installable status
620 http fetch GET 200 https://registry.npmjs.org/pidusage/-/pidusage-2.0.21.tgz 22ms
621 silly pacote range manifest for pidusage@^2.0.21 fetched in 47ms
622 silly resolveWithNewModule pidusage@2.0.21 checking installable status
623 http fetch GET 200 https://registry.npmjs.org/systeminformation 48ms
624 http fetch GET 200 https://registry.npmjs.org/tx2 54ms
625 http fetch GET 200 https://registry.npmjs.org/tx2/-/tx2-1.0.5.tgz 31ms
626 http fetch GET 200 https://registry.npmjs.org/systeminformation/-/systeminformation-5.17.12.tgz 33ms
627 silly pacote range manifest for tx2@~1.0.4 fetched in 89ms
628 silly resolveWithNewModule tx2@1.0.5 checking installable status
629 silly pacote range manifest for systeminformation@^5.7 fetched in 89ms
630 silly resolveWithNewModule systeminformation@5.17.12 checking installable status
631 http fetch GET 200 https://registry.npmjs.org/json-stringify-safe 24ms
632 http fetch GET 200 https://registry.npmjs.org/json-stringify-safe/-/json-stringify-safe-5.0.1.tgz 19ms
633 silly pacote range manifest for json-stringify-safe@^5.0.1 fetched in 45ms
634 silly resolveWithNewModule json-stringify-safe@5.0.1 checking installable status
635 http fetch GET 200 https://registry.npmjs.org/read 16ms
636 http fetch GET 200 https://registry.npmjs.org/read/-/read-1.0.7.tgz 21ms
637 silly pacote range manifest for read@^1.0.4 fetched in 41ms
638 silly resolveWithNewModule read@1.0.7 checking installable status
639 http fetch GET 200 https://registry.npmjs.org/mute-stream 19ms
640 http fetch GET 200 https://registry.npmjs.org/mute-stream/-/mute-stream-0.0.8.tgz 21ms
641 silly pacote range manifest for mute-stream@~0.0.4 fetched in 43ms
642 silly resolveWithNewModule mute-stream@0.0.8 checking installable status
643 http fetch GET 200 https://registry.npmjs.org/lru-cache/-/lru-cache-6.0.0.tgz 24ms
644 silly pacote range manifest for lru-cache@^6.0.0 fetched in 26ms
645 silly resolveWithNewModule lru-cache@6.0.0 checking installable status
646 http fetch GET 200 https://registry.npmjs.org/yallist/-/yallist-4.0.0.tgz 28ms
647 silly pacote range manifest for yallist@^4.0.0 fetched in 31ms
648 silly resolveWithNewModule yallist@4.0.0 checking installable status
649 http fetch GET 200 https://registry.npmjs.org/buffer-from 21ms
650 http fetch GET 200 https://registry.npmjs.org/buffer-from/-/buffer-from-1.1.2.tgz 19ms
651 silly pacote range manifest for buffer-from@^1.0.0 fetched in 42ms
652 silly resolveWithNewModule buffer-from@1.1.2 checking installable status
653 silly pacote range manifest for async@^2.6.3 fetched in 4ms
654 silly resolveWithNewModule async@2.6.4 checking installable status
655 http fetch GET 200 https://registry.npmjs.org/git-node-fs 22ms
656 http fetch GET 200 https://registry.npmjs.org/ini 24ms
657 http fetch GET 200 https://registry.npmjs.org/js-git 31ms
658 http fetch GET 200 https://registry.npmjs.org/git-node-fs/-/git-node-fs-1.0.0.tgz 21ms
659 http fetch GET 200 https://registry.npmjs.org/ini/-/ini-1.3.8.tgz 20ms
660 silly pacote range manifest for git-node-fs@^1.0.0 fetched in 49ms
661 silly resolveWithNewModule git-node-fs@1.0.0 checking installable status
662 silly pacote range manifest for ini@^1.3.5 fetched in 52ms
663 silly resolveWithNewModule ini@1.3.8 checking installable status
664 http fetch GET 200 https://registry.npmjs.org/js-git/-/js-git-0.7.8.tgz 22ms
665 silly pacote range manifest for js-git@^0.7.8 fetched in 55ms
666 silly resolveWithNewModule js-git@0.7.8 checking installable status
667 http fetch GET 200 https://registry.npmjs.org/pako 25ms
668 http fetch GET 200 https://registry.npmjs.org/git-sha1 26ms
669 http fetch GET 200 https://registry.npmjs.org/bodec 33ms
670 http fetch GET 200 https://registry.npmjs.org/bodec/-/bodec-0.1.0.tgz 33ms
671 http fetch GET 200 https://registry.npmjs.org/pako/-/pako-0.2.9.tgz 39ms
672 http fetch GET 200 https://registry.npmjs.org/git-sha1/-/git-sha1-0.1.2.tgz 39ms
673 silly pacote range manifest for bodec@^0.1.0 fetched in 70ms
674 silly resolveWithNewModule bodec@0.1.0 checking installable status
675 silly pacote range manifest for pako@^0.2.5 fetched in 70ms
676 silly resolveWithNewModule pako@0.2.9 checking installable status
677 silly pacote range manifest for git-sha1@^0.1.2 fetched in 71ms
678 silly resolveWithNewModule git-sha1@0.1.2 checking installable status
679 http fetch GET 200 https://registry.npmjs.org/culvert 341ms
680 http fetch GET 200 https://registry.npmjs.org/culvert/-/culvert-0.1.2.tgz 20ms
681 silly pacote range manifest for culvert@^0.1.2 fetched in 364ms
682 silly resolveWithNewModule culvert@0.1.2 checking installable status
683 http fetch GET 200 https://registry.npmjs.org/argparse 18ms
684 http fetch GET 200 https://registry.npmjs.org/glob 28ms
685 http fetch GET 200 https://registry.npmjs.org/argparse/-/argparse-1.0.10.tgz 74ms
686 silly pacote range manifest for argparse@^1.0.7 fetched in 97ms
687 silly resolveWithNewModule argparse@1.0.10 checking installable status
688 http fetch GET 200 https://registry.npmjs.org/glob/-/glob-7.2.3.tgz 49ms
689 silly pacote range manifest for glob@^7.0.5 fetched in 99ms
690 silly resolveWithNewModule glob@7.2.3 checking installable status
691 http fetch GET 200 https://registry.npmjs.org/sprintf-js/-/sprintf-js-1.0.3.tgz 26ms
692 silly pacote range manifest for sprintf-js@~1.0.2 fetched in 28ms
693 silly resolveWithNewModule sprintf-js@1.0.3 checking installable status
694 http fetch GET 200 https://registry.npmjs.org/fs.realpath 29ms
695 http fetch GET 200 https://registry.npmjs.org/once 30ms
696 http fetch GET 200 https://registry.npmjs.org/inflight 32ms
697 http fetch GET 200 https://registry.npmjs.org/path-is-absolute 32ms
698 http fetch GET 200 https://registry.npmjs.org/minimatch 33ms
699 http fetch GET 200 https://registry.npmjs.org/minimatch/-/minimatch-3.1.2.tgz 4ms (from cache)
700 silly pacote range manifest for minimatch@^3.1.1 fetched in 42ms
701 silly resolveWithNewModule minimatch@3.1.2 checking installable status
702 http fetch GET 200 https://registry.npmjs.org/fs.realpath/-/fs.realpath-1.0.0.tgz 19ms
703 silly pacote range manifest for fs.realpath@^1.0.0 fetched in 52ms
704 silly resolveWithNewModule fs.realpath@1.0.0 checking installable status
705 http fetch GET 200 https://registry.npmjs.org/inflight/-/inflight-1.0.6.tgz 23ms
706 http fetch GET 200 https://registry.npmjs.org/once/-/once-1.4.0.tgz 23ms
707 http fetch GET 200 https://registry.npmjs.org/path-is-absolute/-/path-is-absolute-1.0.1.tgz 22ms
708 silly pacote range manifest for inflight@^1.0.4 fetched in 62ms
709 silly resolveWithNewModule inflight@1.0.6 checking installable status
710 silly pacote range manifest for once@^1.3.0 fetched in 61ms
711 silly resolveWithNewModule once@1.4.0 checking installable status
712 silly pacote range manifest for path-is-absolute@^1.0.0 fetched in 61ms
713 silly resolveWithNewModule path-is-absolute@1.0.1 checking installable status
714 http fetch GET 200 https://registry.npmjs.org/wrappy 18ms
715 http fetch GET 200 https://registry.npmjs.org/wrappy/-/wrappy-1.0.2.tgz 18ms
716 silly pacote range manifest for wrappy@1 fetched in 38ms
717 silly resolveWithNewModule wrappy@1.0.2 checking installable status
718 http fetch GET 200 https://registry.npmjs.org/brace-expansion 15ms
719 http fetch GET 200 https://registry.npmjs.org/brace-expansion/-/brace-expansion-1.1.11.tgz 2ms (from cache)
720 silly pacote range manifest for brace-expansion@^1.1.7 fetched in 20ms
721 silly resolveWithNewModule brace-expansion@1.1.11 checking installable status
722 http fetch GET 200 https://registry.npmjs.org/balanced-match 21ms
723 http fetch GET 200 https://registry.npmjs.org/concat-map 22ms
724 http fetch GET 200 https://registry.npmjs.org/balanced-match/-/balanced-match-1.0.2.tgz 6ms (from cache)
725 http fetch GET 200 https://registry.npmjs.org/concat-map/-/concat-map-0.0.1.tgz 5ms (from cache)
726 silly pacote range manifest for balanced-match@^1.0.0 fetched in 31ms
727 silly resolveWithNewModule balanced-match@1.0.2 checking installable status
728 silly pacote version manifest for concat-map@0.0.1 fetched in 31ms
729 silly resolveWithNewModule concat-map@0.0.1 checking installable status
730 timing stage:loadIdealTree:loadAllDepsIntoIdealTree Completed in 5290ms
731 timing stage:loadIdealTree Completed in 5379ms
732 silly currentTree lib
733 silly idealTree lib
733 silly idealTree  pm2@5.3.0
733 silly idealTree    @opencensus/core@0.0.9
733 silly idealTree     semver@5.7.1
733 silly idealTree    @opencensus/propagation-b3@0.0.8
733 silly idealTree     @opencensus/core@0.0.8
733 silly idealTree     semver@5.7.1
733 silly idealTree    @pm2/agent@2.0.1
733 silly idealTree     dayjs@1.8.36
733 silly idealTree     semver@7.2.3
733 silly idealTree    @pm2/io@5.0.0
733 silly idealTree     async@2.6.4
733 silly idealTree     eventemitter2@6.4.9
733 silly idealTree     semver@6.3.0
733 silly idealTree     tslib@1.9.3
733 silly idealTree    @pm2/js-api@0.6.7
733 silly idealTree     async@2.6.4
733 silly idealTree     eventemitter2@6.4.9
733 silly idealTree    @pm2/pm2-version-check@1.0.4
733 silly idealTree    @tootallnate/once@1.1.2
733 silly idealTree    acorn-walk@8.2.0
733 silly idealTree    acorn@8.8.2
733 silly idealTree    agent-base@6.0.2
733 silly idealTree    amp-message@0.1.2
733 silly idealTree    amp@0.3.1
733 silly idealTree    ansi-colors@4.1.3
733 silly idealTree    ansi-styles@4.3.0
733 silly idealTree    anymatch@3.1.3
733 silly idealTree    argparse@1.0.10
733 silly idealTree     sprintf-js@1.0.3
733 silly idealTree    ast-types@0.13.4
733 silly idealTree    async-listener@0.6.10
733 silly idealTree     semver@5.7.1
733 silly idealTree    async@3.2.4
733 silly idealTree    axios@0.21.4
733 silly idealTree    balanced-match@1.0.2
733 silly idealTree    binary-extensions@2.2.0
733 silly idealTree    blessed@0.1.81
733 silly idealTree    bodec@0.1.0
733 silly idealTree    brace-expansion@1.1.11
733 silly idealTree    braces@3.0.2
733 silly idealTree    buffer-from@1.1.2
733 silly idealTree    bytes@3.1.2
733 silly idealTree    chalk@3.0.0
733 silly idealTree    charm@0.1.2
733 silly idealTree    chokidar@3.5.3
733 silly idealTree    cli-tableau@2.0.1
733 silly idealTree    color-convert@2.0.1
733 silly idealTree    color-name@1.1.4
733 silly idealTree    commander@2.15.1
733 silly idealTree    concat-map@0.0.1
733 silly idealTree    continuation-local-storage@3.2.1
733 silly idealTree    core-util-is@1.0.3
733 silly idealTree    croner@4.1.97
733 silly idealTree    culvert@0.1.2
733 silly idealTree    data-uri-to-buffer@3.0.1
733 silly idealTree    dayjs@1.11.7
733 silly idealTree    debug@4.3.4
733 silly idealTree    deep-is@0.1.4
733 silly idealTree    degenerator@3.0.3
733 silly idealTree    depd@2.0.0
733 silly idealTree    emitter-listener@1.1.2
733 silly idealTree    enquirer@2.3.6
733 silly idealTree    escape-string-regexp@4.0.0
733 silly idealTree    escodegen@1.14.3
733 silly idealTree    esprima@4.0.1
733 silly idealTree    estraverse@4.3.0
733 silly idealTree    esutils@2.0.3
733 silly idealTree    eventemitter2@5.0.1
733 silly idealTree    fast-json-patch@3.1.1
733 silly idealTree    fast-levenshtein@2.0.6
733 silly idealTree    fclone@1.0.11
733 silly idealTree    file-uri-to-path@2.0.0
733 silly idealTree    fill-range@7.0.1
733 silly idealTree    follow-redirects@1.15.2
733 silly idealTree    fs-extra@8.1.0
733 silly idealTree    fs.realpath@1.0.0
733 silly idealTree    fsevents@2.3.2
733 silly idealTree    ftp@0.3.10
733 silly idealTree    function-bind@1.1.1
733 silly idealTree    get-uri@3.0.2
733 silly idealTree    git-node-fs@1.0.0
733 silly idealTree    git-sha1@0.1.2
733 silly idealTree    glob-parent@5.1.2
733 silly idealTree    glob@7.2.3
733 silly idealTree    graceful-fs@4.2.11
733 silly idealTree    has-flag@4.0.0
733 silly idealTree    has@1.0.3
733 silly idealTree    http-errors@2.0.0
733 silly idealTree    http-proxy-agent@4.0.1
733 silly idealTree    https-proxy-agent@5.0.1
733 silly idealTree    iconv-lite@0.4.24
733 silly idealTree    inflight@1.0.6
733 silly idealTree    inherits@2.0.4
733 silly idealTree    ini@1.3.8
733 silly idealTree    ip@1.1.8
733 silly idealTree    is-binary-path@2.1.0
733 silly idealTree    is-core-module@2.12.0
733 silly idealTree    is-extglob@2.1.1
733 silly idealTree    is-glob@4.0.3
733 silly idealTree    is-number@7.0.0
733 silly idealTree    isarray@0.0.1
733 silly idealTree    js-git@0.7.8
733 silly idealTree    json-stringify-safe@5.0.1
733 silly idealTree    jsonfile@4.0.0
733 silly idealTree    lazy@1.0.11
733 silly idealTree    levn@0.3.0
733 silly idealTree    lodash@4.17.21
733 silly idealTree    log-driver@1.2.7
733 silly idealTree    lru-cache@5.1.1
733 silly idealTree    minimatch@3.1.2
733 silly idealTree    mkdirp@1.0.4
733 silly idealTree    module-details-from-path@1.0.3
733 silly idealTree    ms@2.1.2
733 silly idealTree    mute-stream@0.0.8
733 silly idealTree    needle@2.4.0
733 silly idealTree     debug@3.2.7
733 silly idealTree    netmask@2.0.2
733 silly idealTree    normalize-path@3.0.0
733 silly idealTree    nssocket@0.6.0
733 silly idealTree     eventemitter2@0.4.14
733 silly idealTree    once@1.4.0
733 silly idealTree    optionator@0.8.3
733 silly idealTree    pac-proxy-agent@5.0.0
733 silly idealTree    pac-resolver@5.0.1
733 silly idealTree    pako@0.2.9
733 silly idealTree    path-is-absolute@1.0.1
733 silly idealTree    path-parse@1.0.7
733 silly idealTree    picomatch@2.3.1
733 silly idealTree    pidusage@3.0.2
733 silly idealTree    pm2-axon-rpc@0.7.1
733 silly idealTree    pm2-axon@4.0.1
733 silly idealTree    pm2-deploy@1.0.2
733 silly idealTree    pm2-multimeter@0.1.2
733 silly idealTree    pm2-sysmonit@1.2.8
733 silly idealTree     pidusage@2.0.21
733 silly idealTree    prelude-ls@1.1.2
733 silly idealTree    promptly@2.2.0
733 silly idealTree    proxy-agent@5.0.0
733 silly idealTree    proxy-from-env@1.1.0
733 silly idealTree    raw-body@2.5.2
733 silly idealTree    read@1.0.7
733 silly idealTree    readable-stream@1.1.14
733 silly idealTree    readdirp@3.6.0
733 silly idealTree    require-in-the-middle@5.2.0
733 silly idealTree    resolve@1.22.2
733 silly idealTree    run-series@1.1.9
733 silly idealTree    safe-buffer@5.2.1
733 silly idealTree    safer-buffer@2.1.2
733 silly idealTree    sax@1.2.4
733 silly idealTree    semver@7.5.0
733 silly idealTree     lru-cache@6.0.0
733 silly idealTree     yallist@4.0.0
733 silly idealTree    setprototypeof@1.2.0
733 silly idealTree    shimmer@1.2.1
733 silly idealTree    signal-exit@3.0.7
733 silly idealTree    smart-buffer@4.2.0
733 silly idealTree    socks-proxy-agent@5.0.1
733 silly idealTree    socks@2.7.1
733 silly idealTree     ip@2.0.0
733 silly idealTree    source-map-support@0.5.21
733 silly idealTree    source-map@0.6.1
733 silly idealTree    sprintf-js@1.1.2
733 silly idealTree    statuses@2.0.1
733 silly idealTree    string_decoder@0.10.31
733 silly idealTree    supports-color@7.2.0
733 silly idealTree    supports-preserve-symlinks-flag@1.0.0
733 silly idealTree    systeminformation@5.17.12
733 silly idealTree    to-regex-range@5.0.1
733 silly idealTree    toidentifier@1.0.1
733 silly idealTree    tslib@2.5.0
733 silly idealTree    tv4@1.3.0
733 silly idealTree    tx2@1.0.5
733 silly idealTree    type-check@0.3.2
733 silly idealTree    universalify@0.1.2
733 silly idealTree    unpipe@1.0.0
733 silly idealTree    uuid@3.4.0
733 silly idealTree    vizion@2.2.1
733 silly idealTree     async@2.6.4
733 silly idealTree    vm2@3.9.17
733 silly idealTree    word-wrap@1.2.3
733 silly idealTree    wrappy@1.0.2
733 silly idealTree    ws@7.4.6
733 silly idealTree    xregexp@2.0.0
733 silly idealTree    yallist@3.1.1
733 silly idealTree    yamljs@0.3.0
734 silly install generateActionsToTake
735 warn checkPermissions Missing write access to /usr/lib/node_modules
736 timing stage:rollbackFailedOptional Completed in 1ms
737 timing stage:runTopLevelLifecycles Completed in 5636ms
738 warn optional SKIPPING OPTIONAL DEPENDENCY: fsevents@~2.3.2 (node_modules/pm2/node_modules/chokidar/node_modules/fsevents):
739 warn notsup SKIPPING OPTIONAL DEPENDENCY: Unsupported platform for fsevents@2.3.2: wanted {"os":"darwin","arch":"any"} (current: {"os":"linux","arch":"x64"})
740 verbose notsup SKIPPING OPTIONAL DEPENDENCY: Valid OS:    darwin
740 verbose notsup SKIPPING OPTIONAL DEPENDENCY: Valid Arch:  any
740 verbose notsup SKIPPING OPTIONAL DEPENDENCY: Actual OS:   linux
740 verbose notsup SKIPPING OPTIONAL DEPENDENCY: Actual Arch: x64
741 verbose stack Error: EACCES: permission denied, access '/usr/lib/node_modules'
742 verbose cwd /home/ubuntu/apps/yelp-app/server
743 verbose Linux 5.15.0-1033-aws
744 verbose argv "/usr/bin/node" "/usr/bin/npm" "install" "pm2" "-g"
745 verbose node v14.21.3
746 verbose npm  v6.14.18
747 error code EACCES
748 error syscall access
749 error path /usr/lib/node_modules
750 error errno -13
751 error Error: EACCES: permission denied, access '/usr/lib/node_modules'
751 error  [Error: EACCES: permission denied, access '/usr/lib/node_modules'] {
751 error   errno: -13,
751 error   code: 'EACCES',
751 error   syscall: 'access',
751 error   path: '/usr/lib/node_modules'
751 error }
752 error The operation was rejected by your operating system.
752 error It is likely you do not have the permissions to access this file as the current user
752 error
752 error If you believe this might be a permissions issue, please double-check the
752 error permissions of the file and its containing directories, or try running
752 error the command again as root/Administrator.
753 verbose exit [ -13, true ]
